<?xml version="1.0" encoding="UTF-8"?>
<!-- Generated by org.testng.reporters.JUnitXMLReporter -->
<testsuite ignored="0" hostname="LAPTOP-GTU6IJKS" failures="0" tests="3" name="Default test" time="38.219" errors="0" timestamp="2021-10-28T19:27:13 IST">
  <testcase classname="com.account.VerifySalesforceAccount" name="getAccessToken_POST" time="3.954"/>
  <testcase classname="com.account.VerifySalesforceAccount" name="createAccount_POST" time="0.937"/>
  <testcase classname="com.account.VerifySalesforceAccount" name="loginToSalesforceAccount" time="33.274"/>
</testsuite> <!-- Default test -->
